
Compilation architecture to be used: x86_64-unknown-linux-gnu--unknown
If this is not what you want, create the right
arch.make file using the models in Src/Sys

Hit ^C to abort...
(cd FoX; touch arch.make ; \
         CONFIGURE="/home/igarashi/siesta-4.0/Src/FoX/configure"; \
         $CONFIGURE VPATH="/home/igarashi/siesta-4.0/Src/FoX" \
         FC="mpiifort" FCFLAGS="-g -O1 -I/opt/intel/compilers_and_libraries_2018.3.222/linux/mkl/include/intel64/lp64 -I/opt/intel/compilers_and_libraries_2018.3.222/linux/mkl/include" \
         --enable-wcml  || false )
checking build system type... x86_64-unknown-linux-gnu
checking host system type... x86_64-unknown-linux-gnu
checking for linker flag to name executables... -o 
checking for Fortran compiler default output file name... conftest
checking whether the Fortran compiler works... yes
checking whether we are cross compiling... no
checking for suffix of executables... 
checking for suffix of object files... o
checking whether we are using the GNU Fortran compiler... no
checking whether mpiifort accepts -g... yes
checking for Fortran flag needed to allow free-form source for .f90 suffix... none
checking for gcc... gcc
checking whether we are using the GNU C compiler... yes
checking whether gcc accepts -g... yes
checking for gcc option to accept ISO C89... none needed
checking for fixed form Fortran preprocessor features... done.
checking whether mpiifort compiles programs with cpp directives... yes
checking whether mpiifort accepts -D... yes
checking whether mpiifort accepts -I... yes
checking whether mpiifort fulfils requested features... yes
checking preprocessing mode we may therefore use... direct
checking for Fortran flag needed to allow free-form preprocessed source for .F90 suffix... none
checking for ranlib... ranlib
configure: Could not determine type of compiler
checking for kind number produced by kind(1.0)... 4
checking for kind number produced by kind(1.0d0)... 8
checking for kind number produced by selected_real_kind(6,34)... 4
checking for kind number produced by selected_real_kind(15,300)... 8
checking how to compile a call to FLUSH... default
checking how to compile a call to ABORT... with argument
checking for EOR character used by mpiifort... LF
checking for ASSOCIATED in restricted expression bug... yes
checking for a BSD-compatible install... /usr/bin/install -c
checking for a thread-safe mkdir -p... /usr/bin/mkdir -p
checking for flag to alter module search path... -I
checking for suffix of module files... mod
checking whether module filenames are uppercased... no
configure: creating ./config.status
config.status: creating arch.make
config.status: creating FoX-config
(cd FoX; make )
make[1]: Entering directory `/home/igarashi/siesta-4.0/Obj/FoX'
mkdir -p objs/lib objs/finclude
(cd fsys; make VPATH=/home/igarashi/siesta-4.0/Src/FoX/fsys)
make[2]: Entering directory `/home/igarashi/siesta-4.0/Obj/FoX/fsys'
mpiifort -c -g -O1 -I/opt/intel/compilers_and_libraries_2018.3.222/linux/mkl/include/intel64/lp64 -I/opt/intel/compilers_and_libraries_2018.3.222/linux/mkl/include   -DFC_HAVE_FLUSH -DFC_HAVE_ABORT -DFC_ABORT_ARG -DFC_EOR_LF -DRESTRICTED_ASSOCIATED_BUG  /home/igarashi/siesta-4.0/Src/FoX/fsys/fox_m_fsys_abort_flush.F90 
mpiifort -c -g -O1 -I/opt/intel/compilers_and_libraries_2018.3.222/linux/mkl/include/intel64/lp64 -I/opt/intel/compilers_and_libraries_2018.3.222/linux/mkl/include   -DFC_HAVE_FLUSH -DFC_HAVE_ABORT -DFC_ABORT_ARG -DFC_EOR_LF -DRESTRICTED_ASSOCIATED_BUG  /home/igarashi/siesta-4.0/Src/FoX/fsys/fox_m_fsys_array_str.F90 
mpiifort -c -g -O1 -I/opt/intel/compilers_and_libraries_2018.3.222/linux/mkl/include/intel64/lp64 -I/opt/intel/compilers_and_libraries_2018.3.222/linux/mkl/include     /home/igarashi/siesta-4.0/Src/FoX/fsys/fox_m_fsys_realtypes.f90
mpiifort -c -g -O1 -I/opt/intel/compilers_and_libraries_2018.3.222/linux/mkl/include/intel64/lp64 -I/opt/intel/compilers_and_libraries_2018.3.222/linux/mkl/include   -DFC_HAVE_FLUSH -DFC_HAVE_ABORT -DFC_ABORT_ARG -DFC_EOR_LF -DRESTRICTED_ASSOCIATED_BUG  /home/igarashi/siesta-4.0/Src/FoX/fsys/fox_m_fsys_format.F90 
mpiifort -c -g -O1 -I/opt/intel/compilers_and_libraries_2018.3.222/linux/mkl/include/intel64/lp64 -I/opt/intel/compilers_and_libraries_2018.3.222/linux/mkl/include   -DFC_HAVE_FLUSH -DFC_HAVE_ABORT -DFC_ABORT_ARG -DFC_EOR_LF -DRESTRICTED_ASSOCIATED_BUG  /home/igarashi/siesta-4.0/Src/FoX/fsys/fox_m_fsys_parse_input.F90 
mpiifort -c -g -O1 -I/opt/intel/compilers_and_libraries_2018.3.222/linux/mkl/include/intel64/lp64 -I/opt/intel/compilers_and_libraries_2018.3.222/linux/mkl/include   -DFC_HAVE_FLUSH -DFC_HAVE_ABORT -DFC_ABORT_ARG -DFC_EOR_LF -DRESTRICTED_ASSOCIATED_BUG  /home/igarashi/siesta-4.0/Src/FoX/fsys/fox_m_fsys_string.F90 
mpiifort -c -g -O1 -I/opt/intel/compilers_and_libraries_2018.3.222/linux/mkl/include/intel64/lp64 -I/opt/intel/compilers_and_libraries_2018.3.222/linux/mkl/include   -DFC_HAVE_FLUSH -DFC_HAVE_ABORT -DFC_ABORT_ARG -DFC_EOR_LF -DRESTRICTED_ASSOCIATED_BUG  /home/igarashi/siesta-4.0/Src/FoX/fsys/fox_m_fsys_string_list.F90 
  ==> Creating libFoX_fsys.a with fox_m_fsys_abort_flush.o fox_m_fsys_array_str.o fox_m_fsys_format.o fox_m_fsys_parse_input.o fox_m_fsys_string.o fox_m_fsys_string_list.o fox_m_fsys_realtypes.o
cp -p libFoX_fsys.a /home/igarashi/siesta-4.0/Obj/FoX/objs/lib 
for i in *.mod; do \
      	    cp -p $i /home/igarashi/siesta-4.0/Obj/FoX/objs/finclude; done
make[2]: Leaving directory `/home/igarashi/siesta-4.0/Obj/FoX/fsys'
(cd utils; make VPATH=/home/igarashi/siesta-4.0/Src/FoX/utils)
make[2]: Entering directory `/home/igarashi/siesta-4.0/Obj/FoX/utils'
mpiifort -c -g -O1 -I/opt/intel/compilers_and_libraries_2018.3.222/linux/mkl/include/intel64/lp64 -I/opt/intel/compilers_and_libraries_2018.3.222/linux/mkl/include  -I../objs/finclude -DFC_HAVE_FLUSH -DFC_HAVE_ABORT -DFC_ABORT_ARG -DFC_EOR_LF -DRESTRICTED_ASSOCIATED_BUG  /home/igarashi/siesta-4.0/Src/FoX/utils/fox_m_utils_mtprng.F90 
mpiifort -c -g -O1 -I/opt/intel/compilers_and_libraries_2018.3.222/linux/mkl/include/intel64/lp64 -I/opt/intel/compilers_and_libraries_2018.3.222/linux/mkl/include  -I../objs/finclude -DFC_HAVE_FLUSH -DFC_HAVE_ABORT -DFC_ABORT_ARG -DFC_EOR_LF -DRESTRICTED_ASSOCIATED_BUG  /home/igarashi/siesta-4.0/Src/FoX/utils/fox_m_utils_uuid.F90 
mpiifort -c -g -O1 -I/opt/intel/compilers_and_libraries_2018.3.222/linux/mkl/include/intel64/lp64 -I/opt/intel/compilers_and_libraries_2018.3.222/linux/mkl/include  -I../objs/finclude -DFC_HAVE_FLUSH -DFC_HAVE_ABORT -DFC_ABORT_ARG -DFC_EOR_LF -DRESTRICTED_ASSOCIATED_BUG  /home/igarashi/siesta-4.0/Src/FoX/utils/fox_m_utils_uri.F90 
mpiifort -c -g -O1 -I/opt/intel/compilers_and_libraries_2018.3.222/linux/mkl/include/intel64/lp64 -I/opt/intel/compilers_and_libraries_2018.3.222/linux/mkl/include  -I../objs/finclude   /home/igarashi/siesta-4.0/Src/FoX/utils/FoX_utils.f90
  ==> Creating libFoX_utils.a with FoX_utils.o fox_m_utils_mtprng.o fox_m_utils_uuid.o fox_m_utils_uri.o
cp -p libFoX_utils.a /home/igarashi/siesta-4.0/Obj/FoX/objs/lib 
for i in *.mod; do \
      	    cp -p $i /home/igarashi/siesta-4.0/Obj/FoX/objs/finclude; done
make[2]: Leaving directory `/home/igarashi/siesta-4.0/Obj/FoX/utils'
(cd common; make VPATH=/home/igarashi/siesta-4.0/Src/FoX/common)
make[2]: Entering directory `/home/igarashi/siesta-4.0/Obj/FoX/common'
mpiifort -c -g -O1 -I/opt/intel/compilers_and_libraries_2018.3.222/linux/mkl/include/intel64/lp64 -I/opt/intel/compilers_and_libraries_2018.3.222/linux/mkl/include  -I../objs/finclude -DFC_HAVE_FLUSH -DFC_HAVE_ABORT -DFC_ABORT_ARG -DFC_EOR_LF -DRESTRICTED_ASSOCIATED_BUG  /home/igarashi/siesta-4.0/Src/FoX/common/m_common_charset.F90 
mpiifort -c -g -O1 -I/opt/intel/compilers_and_libraries_2018.3.222/linux/mkl/include/intel64/lp64 -I/opt/intel/compilers_and_libraries_2018.3.222/linux/mkl/include  -I../objs/finclude -DFC_HAVE_FLUSH -DFC_HAVE_ABORT -DFC_ABORT_ARG -DFC_EOR_LF -DRESTRICTED_ASSOCIATED_BUG  /home/igarashi/siesta-4.0/Src/FoX/common/m_common_content_model.F90 
mpiifort -c -g -O1 -I/opt/intel/compilers_and_libraries_2018.3.222/linux/mkl/include/intel64/lp64 -I/opt/intel/compilers_and_libraries_2018.3.222/linux/mkl/include  -I../objs/finclude -DFC_HAVE_FLUSH -DFC_HAVE_ABORT -DFC_ABORT_ARG -DFC_EOR_LF -DRESTRICTED_ASSOCIATED_BUG  /home/igarashi/siesta-4.0/Src/FoX/common/m_common_error.F90 
mpiifort -c -g -O1 -I/opt/intel/compilers_and_libraries_2018.3.222/linux/mkl/include/intel64/lp64 -I/opt/intel/compilers_and_libraries_2018.3.222/linux/mkl/include  -I../objs/finclude -DFC_HAVE_FLUSH -DFC_HAVE_ABORT -DFC_ABORT_ARG -DFC_EOR_LF -DRESTRICTED_ASSOCIATED_BUG  /home/igarashi/siesta-4.0/Src/FoX/common/m_common_namecheck.F90 
mpiifort -c -g -O1 -I/opt/intel/compilers_and_libraries_2018.3.222/linux/mkl/include/intel64/lp64 -I/opt/intel/compilers_and_libraries_2018.3.222/linux/mkl/include  -I../objs/finclude -DFC_HAVE_FLUSH -DFC_HAVE_ABORT -DFC_ABORT_ARG -DFC_EOR_LF -DRESTRICTED_ASSOCIATED_BUG  /home/igarashi/siesta-4.0/Src/FoX/common/m_common_element.F90 
mpiifort -c -g -O1 -I/opt/intel/compilers_and_libraries_2018.3.222/linux/mkl/include/intel64/lp64 -I/opt/intel/compilers_and_libraries_2018.3.222/linux/mkl/include  -I../objs/finclude -DFC_HAVE_FLUSH -DFC_HAVE_ABORT -DFC_ABORT_ARG -DFC_EOR_LF -DRESTRICTED_ASSOCIATED_BUG  /home/igarashi/siesta-4.0/Src/FoX/common/m_common_attrs.F90 
mpiifort -c -g -O1 -I/opt/intel/compilers_and_libraries_2018.3.222/linux/mkl/include/intel64/lp64 -I/opt/intel/compilers_and_libraries_2018.3.222/linux/mkl/include  -I../objs/finclude -DFC_HAVE_FLUSH -DFC_HAVE_ABORT -DFC_ABORT_ARG -DFC_EOR_LF -DRESTRICTED_ASSOCIATED_BUG  /home/igarashi/siesta-4.0/Src/FoX/common/m_common_buffer.F90 
mpiifort -c -g -O1 -I/opt/intel/compilers_and_libraries_2018.3.222/linux/mkl/include/intel64/lp64 -I/opt/intel/compilers_and_libraries_2018.3.222/linux/mkl/include  -I../objs/finclude -DFC_HAVE_FLUSH -DFC_HAVE_ABORT -DFC_ABORT_ARG -DFC_EOR_LF -DRESTRICTED_ASSOCIATED_BUG  /home/igarashi/siesta-4.0/Src/FoX/common/m_common_entities.F90 
mpiifort -c -g -O1 -I/opt/intel/compilers_and_libraries_2018.3.222/linux/mkl/include/intel64/lp64 -I/opt/intel/compilers_and_libraries_2018.3.222/linux/mkl/include  -I../objs/finclude -DFC_HAVE_FLUSH -DFC_HAVE_ABORT -DFC_ABORT_ARG -DFC_EOR_LF -DRESTRICTED_ASSOCIATED_BUG  /home/igarashi/siesta-4.0/Src/FoX/common/m_common_notations.F90 
mpiifort -c -g -O1 -I/opt/intel/compilers_and_libraries_2018.3.222/linux/mkl/include/intel64/lp64 -I/opt/intel/compilers_and_libraries_2018.3.222/linux/mkl/include  -I../objs/finclude -DFC_HAVE_FLUSH -DFC_HAVE_ABORT -DFC_ABORT_ARG -DFC_EOR_LF -DRESTRICTED_ASSOCIATED_BUG  /home/igarashi/siesta-4.0/Src/FoX/common/m_common_struct.F90 
mpiifort -c -g -O1 -I/opt/intel/compilers_and_libraries_2018.3.222/linux/mkl/include/intel64/lp64 -I/opt/intel/compilers_and_libraries_2018.3.222/linux/mkl/include  -I../objs/finclude -DFC_HAVE_FLUSH -DFC_HAVE_ABORT -DFC_ABORT_ARG -DFC_EOR_LF -DRESTRICTED_ASSOCIATED_BUG  /home/igarashi/siesta-4.0/Src/FoX/common/m_common_namespaces.F90 
mpiifort -c -g -O1 -I/opt/intel/compilers_and_libraries_2018.3.222/linux/mkl/include/intel64/lp64 -I/opt/intel/compilers_and_libraries_2018.3.222/linux/mkl/include  -I../objs/finclude -DFC_HAVE_FLUSH -DFC_HAVE_ABORT -DFC_ABORT_ARG -DFC_EOR_LF -DRESTRICTED_ASSOCIATED_BUG  /home/igarashi/siesta-4.0/Src/FoX/common/m_common_elstack.F90 
mpiifort -c -g -O1 -I/opt/intel/compilers_and_libraries_2018.3.222/linux/mkl/include/intel64/lp64 -I/opt/intel/compilers_and_libraries_2018.3.222/linux/mkl/include  -I../objs/finclude -DFC_HAVE_FLUSH -DFC_HAVE_ABORT -DFC_ABORT_ARG -DFC_EOR_LF -DRESTRICTED_ASSOCIATED_BUG  /home/igarashi/siesta-4.0/Src/FoX/common/m_common_io.F90 
mpiifort -c -g -O1 -I/opt/intel/compilers_and_libraries_2018.3.222/linux/mkl/include/intel64/lp64 -I/opt/intel/compilers_and_libraries_2018.3.222/linux/mkl/include  -I../objs/finclude -DFC_HAVE_FLUSH -DFC_HAVE_ABORT -DFC_ABORT_ARG -DFC_EOR_LF -DRESTRICTED_ASSOCIATED_BUG  /home/igarashi/siesta-4.0/Src/FoX/common/FoX_common.F90 
mpiifort -c -g -O1 -I/opt/intel/compilers_and_libraries_2018.3.222/linux/mkl/include/intel64/lp64 -I/opt/intel/compilers_and_libraries_2018.3.222/linux/mkl/include  -I../objs/finclude -DFC_HAVE_FLUSH -DFC_HAVE_ABORT -DFC_ABORT_ARG -DFC_EOR_LF -DRESTRICTED_ASSOCIATED_BUG  /home/igarashi/siesta-4.0/Src/FoX/common/m_common_entity_expand.F90 
  ==> Creating libFoX_common.a with m_common_attrs.o m_common_buffer.o m_common_charset.o m_common_namespaces.o m_common_error.o m_common_elstack.o m_common_io.o FoX_common.o m_common_namecheck.o m_common_entities.o m_common_notations.o m_common_element.o m_common_struct.o m_common_entity_expand.o m_common_content_model.o
cp -p libFoX_common.a /home/igarashi/siesta-4.0/Obj/FoX/objs/lib 
for i in *.mod; do \
      	    cp -p $i /home/igarashi/siesta-4.0/Obj/FoX/objs/finclude; done
make[2]: Leaving directory `/home/igarashi/siesta-4.0/Obj/FoX/common'
(cd wxml; make VPATH=/home/igarashi/siesta-4.0/Src/FoX/wxml)
make[2]: Entering directory `/home/igarashi/siesta-4.0/Obj/FoX/wxml'
mpiifort -c -g -O1 -I/opt/intel/compilers_and_libraries_2018.3.222/linux/mkl/include/intel64/lp64 -I/opt/intel/compilers_and_libraries_2018.3.222/linux/mkl/include  -I../objs/finclude -DFC_HAVE_FLUSH -DFC_HAVE_ABORT -DFC_ABORT_ARG -DFC_EOR_LF -DRESTRICTED_ASSOCIATED_BUG  /home/igarashi/siesta-4.0/Src/FoX/wxml/m_wxml_escape.F90 
mpiifort -c -g -O1 -I/opt/intel/compilers_and_libraries_2018.3.222/linux/mkl/include/intel64/lp64 -I/opt/intel/compilers_and_libraries_2018.3.222/linux/mkl/include  -I../objs/finclude -DFC_HAVE_FLUSH -DFC_HAVE_ABORT -DFC_ABORT_ARG -DFC_EOR_LF -DRESTRICTED_ASSOCIATED_BUG  /home/igarashi/siesta-4.0/Src/FoX/wxml/m_wxml_core.F90 
mpiifort -c -g -O1 -I/opt/intel/compilers_and_libraries_2018.3.222/linux/mkl/include/intel64/lp64 -I/opt/intel/compilers_and_libraries_2018.3.222/linux/mkl/include  -I../objs/finclude -DFC_HAVE_FLUSH -DFC_HAVE_ABORT -DFC_ABORT_ARG -DFC_EOR_LF -DRESTRICTED_ASSOCIATED_BUG  /home/igarashi/siesta-4.0/Src/FoX/wxml/m_wxml_overloads.F90 
mpiifort -c -g -O1 -I/opt/intel/compilers_and_libraries_2018.3.222/linux/mkl/include/intel64/lp64 -I/opt/intel/compilers_and_libraries_2018.3.222/linux/mkl/include  -I../objs/finclude   /home/igarashi/siesta-4.0/Src/FoX/wxml/FoX_wxml.f90
==> Creating libFoX_wxml.a with m_wxml_escape.o m_wxml_core.o m_wxml_overloads.o FoX_wxml.o
ar  cru libFoX_wxml.a m_wxml_escape.o m_wxml_core.o m_wxml_overloads.o FoX_wxml.o
ranlib libFoX_wxml.a
cp -p libFoX_wxml.a /home/igarashi/siesta-4.0/Obj/FoX/objs/lib
for i in *.mod; do \
  cp -p $i /home/igarashi/siesta-4.0/Obj/FoX/objs/finclude; done
make[2]: Leaving directory `/home/igarashi/siesta-4.0/Obj/FoX/wxml'
(cd wcml; make VPATH=/home/igarashi/siesta-4.0/Src/FoX/wcml)
make[2]: Entering directory `/home/igarashi/siesta-4.0/Obj/FoX/wcml'
mpiifort -c -g -O1 -I/opt/intel/compilers_and_libraries_2018.3.222/linux/mkl/include/intel64/lp64 -I/opt/intel/compilers_and_libraries_2018.3.222/linux/mkl/include  -I../objs/finclude -DFC_HAVE_FLUSH -DFC_HAVE_ABORT -DFC_ABORT_ARG -DFC_EOR_LF -DRESTRICTED_ASSOCIATED_BUG  /home/igarashi/siesta-4.0/Src/FoX/wcml/m_wcml_stml.F90 
mpiifort -c -g -O1 -I/opt/intel/compilers_and_libraries_2018.3.222/linux/mkl/include/intel64/lp64 -I/opt/intel/compilers_and_libraries_2018.3.222/linux/mkl/include  -I../objs/finclude -DFC_HAVE_FLUSH -DFC_HAVE_ABORT -DFC_ABORT_ARG -DFC_EOR_LF -DRESTRICTED_ASSOCIATED_BUG  /home/igarashi/siesta-4.0/Src/FoX/wcml/m_wcml_coma.F90 
mpiifort -c -g -O1 -I/opt/intel/compilers_and_libraries_2018.3.222/linux/mkl/include/intel64/lp64 -I/opt/intel/compilers_and_libraries_2018.3.222/linux/mkl/include  -I../objs/finclude -DFC_HAVE_FLUSH -DFC_HAVE_ABORT -DFC_ABORT_ARG -DFC_EOR_LF -DRESTRICTED_ASSOCIATED_BUG  /home/igarashi/siesta-4.0/Src/FoX/wcml/m_wcml_metadata.F90 
mpiifort -c -g -O1 -I/opt/intel/compilers_and_libraries_2018.3.222/linux/mkl/include/intel64/lp64 -I/opt/intel/compilers_and_libraries_2018.3.222/linux/mkl/include  -I../objs/finclude -DFC_HAVE_FLUSH -DFC_HAVE_ABORT -DFC_ABORT_ARG -DFC_EOR_LF -DRESTRICTED_ASSOCIATED_BUG  /home/igarashi/siesta-4.0/Src/FoX/wcml/m_wcml_core.F90 
mpiifort -c -g -O1 -I/opt/intel/compilers_and_libraries_2018.3.222/linux/mkl/include/intel64/lp64 -I/opt/intel/compilers_and_libraries_2018.3.222/linux/mkl/include  -I../objs/finclude -DFC_HAVE_FLUSH -DFC_HAVE_ABORT -DFC_ABORT_ARG -DFC_EOR_LF -DRESTRICTED_ASSOCIATED_BUG  /home/igarashi/siesta-4.0/Src/FoX/wcml/m_wcml_geometry.F90 
mpiifort -c -g -O1 -I/opt/intel/compilers_and_libraries_2018.3.222/linux/mkl/include/intel64/lp64 -I/opt/intel/compilers_and_libraries_2018.3.222/linux/mkl/include  -I../objs/finclude -DFC_HAVE_FLUSH -DFC_HAVE_ABORT -DFC_ABORT_ARG -DFC_EOR_LF -DRESTRICTED_ASSOCIATED_BUG  /home/igarashi/siesta-4.0/Src/FoX/wcml/m_wcml_lattice.F90 
mpiifort -c -g -O1 -I/opt/intel/compilers_and_libraries_2018.3.222/linux/mkl/include/intel64/lp64 -I/opt/intel/compilers_and_libraries_2018.3.222/linux/mkl/include  -I../objs/finclude -DFC_HAVE_FLUSH -DFC_HAVE_ABORT -DFC_ABORT_ARG -DFC_EOR_LF -DRESTRICTED_ASSOCIATED_BUG  /home/igarashi/siesta-4.0/Src/FoX/wcml/m_wcml_lists.F90 
mpiifort -c -g -O1 -I/opt/intel/compilers_and_libraries_2018.3.222/linux/mkl/include/intel64/lp64 -I/opt/intel/compilers_and_libraries_2018.3.222/linux/mkl/include  -I../objs/finclude -DFC_HAVE_FLUSH -DFC_HAVE_ABORT -DFC_ABORT_ARG -DFC_EOR_LF -DRESTRICTED_ASSOCIATED_BUG  /home/igarashi/siesta-4.0/Src/FoX/wcml/m_wcml_molecule.F90 
mpiifort -c -g -O1 -I/opt/intel/compilers_and_libraries_2018.3.222/linux/mkl/include/intel64/lp64 -I/opt/intel/compilers_and_libraries_2018.3.222/linux/mkl/include  -I../objs/finclude -DFC_HAVE_FLUSH -DFC_HAVE_ABORT -DFC_ABORT_ARG -DFC_EOR_LF -DRESTRICTED_ASSOCIATED_BUG  /home/igarashi/siesta-4.0/Src/FoX/wcml/m_wcml_parameter.F90 
mpiifort -c -g -O1 -I/opt/intel/compilers_and_libraries_2018.3.222/linux/mkl/include/intel64/lp64 -I/opt/intel/compilers_and_libraries_2018.3.222/linux/mkl/include  -I../objs/finclude -DFC_HAVE_FLUSH -DFC_HAVE_ABORT -DFC_ABORT_ARG -DFC_EOR_LF -DRESTRICTED_ASSOCIATED_BUG  /home/igarashi/siesta-4.0/Src/FoX/wcml/m_wcml_property.F90 
mpiifort -c -g -O1 -I/opt/intel/compilers_and_libraries_2018.3.222/linux/mkl/include/intel64/lp64 -I/opt/intel/compilers_and_libraries_2018.3.222/linux/mkl/include  -I../objs/finclude   /home/igarashi/siesta-4.0/Src/FoX/wcml/FoX_wcml.f90
  ==> Creating libFoX_wcml.a with FoX_wcml.o m_wcml_coma.o m_wcml_core.o m_wcml_stml.o m_wcml_parameter.o m_wcml_property.o m_wcml_metadata.o m_wcml_lattice.o m_wcml_geometry.o m_wcml_molecule.o m_wcml_lists.o
cp -p libFoX_wcml.a /home/igarashi/siesta-4.0/Obj/FoX/objs/lib ;
for i in *.mod ; do  \
           cp -p $i /home/igarashi/siesta-4.0/Obj/FoX/objs/finclude; done
make[2]: Leaving directory `/home/igarashi/siesta-4.0/Obj/FoX/wcml'
if test -d examples; then (cd examples; make VPATH=/home/igarashi/siesta-4.0/Src/FoX/examples) fi
make[1]: Leaving directory `/home/igarashi/siesta-4.0/Obj/FoX'

==> Incorporating information about present compilation (compiler and flags)
make[1]: Entering directory `/home/igarashi/siesta-4.0/Obj'
mpiifort -c -g -O1 -I/opt/intel/compilers_and_libraries_2018.3.222/linux/mkl/include/intel64/lp64 -I/opt/intel/compilers_and_libraries_2018.3.222/linux/mkl/include   `FoX/FoX-config --fcflags`  -DMPI -DFC_HAVE_FLUSH -DFC_HAVE_ABORT -DTRANSIESTA   compinfo.F90 
make[1]: Leaving directory `/home/igarashi/siesta-4.0/Obj'

make[1]: Entering directory `/home/igarashi/siesta-4.0/Obj/MPI'
mpiifort -c -g -O1 -I/opt/intel/compilers_and_libraries_2018.3.222/linux/mkl/include/intel64/lp64 -I/opt/intel/compilers_and_libraries_2018.3.222/linux/mkl/include -I   /home/igarashi/siesta-4.0/Src/MPI/mpi__include.f90
ifort: command line error: no files specified; for help type "ifort -help"
make[1]: *** [mpi__include.o] Error 1
make[1]: Leaving directory `/home/igarashi/siesta-4.0/Obj/MPI'
make: *** [libmpi_f90.a] Error 2
