This file contains any messages produced by compilers while
running configure, to aid debugging if configure makes a mistake.

It was created by FoX configure 4.1.0, which was
generated by GNU Autoconf 2.61.  Invocation command line was

  $ /home/igarashi/siesta-4.0/Src/FoX/configure VPATH=/home/igarashi/siesta-4.0/Src/FoX FC=mpiifort FCFLAGS=-g -O1 -I/opt/intel/compilers_and_libraries_2018.3.222/linux/mkl/include/intel64/lp64 -I/opt/intel/compilers_and_libraries_2018.3.222/linux/mkl/include --enable-wcml

## --------- ##
## Platform. ##
## --------- ##

hostname = ccms-ni
uname -m = x86_64
uname -r = 3.10.0-862.3.3.el7.x86_64
uname -s = Linux
uname -v = #1 SMP Fri Jun 15 04:15:27 UTC 2018

/usr/bin/uname -p = x86_64
/bin/uname -X     = unknown

/bin/arch              = x86_64
/usr/bin/arch -k       = unknown
/usr/convex/getsysinfo = unknown
/usr/bin/hostinfo      = unknown
/bin/machine           = unknown
/usr/bin/oslevel       = unknown
/bin/universe          = unknown

PATH: /opt/intel/compilers_and_libraries_2017.4.196/linux/mpi/intel64/bin
PATH: /opt/intel/compilers_and_libraries_2018.3.222/linux/bin/intel64
PATH: /opt/intel/compilers_and_libraries_2018.3.222/linux/mpi/intel64/bin
PATH: /usr/local/bin
PATH: /usr/bin
PATH: /usr/local/sbin
PATH: /usr/sbin
PATH: /home/igarashi/.local/bin
PATH: /home/igarashi/bin


## ----------- ##
## Core tests. ##
## ----------- ##

configure:1750: checking build system type
configure:1768: result: x86_64-unknown-linux-gnu
configure:1790: checking host system type
configure:1805: result: x86_64-unknown-linux-gnu
configure:1942: checking for Fortran compiler version
configure:1945: mpiifort --version </dev/null >&5
ifort (IFORT) 18.0.3 20180410
Copyright (C) 1985-2018 Intel Corporation.  All rights reserved.

configure:1948: $? = 0
configure:1950: mpiifort -v </dev/null >&5
mpiifort for the Intel(R) MPI Library 2017 Update 3 for Linux*
Copyright(C) 2003-2017, Intel Corporation.  All rights reserved.
ifort version 18.0.3
configure:1953: $? = 0
configure:1955: mpiifort -V </dev/null >&5
Intel(R) Fortran Intel(R) 64 Compiler for applications running on Intel(R) 64, Version 18.0.3.222 Build 20180410
Copyright (C) 1985-2018 Intel Corporation.  All rights reserved.

configure:1958: $? = 0
configure:1971: checking for linker flag to name executables
configure:1979: $FC $ac_link_obj_flag""conftest$ac_exeext $FCFLAGS $LDFLAGS $FCFLAGS_SRCEXT conftest.$ac_ext $LIBS >&5
ifort: error #10236: File not found:  '/exe:conftest'
configure:1982: $? = 1
configure:1979: $FC $ac_link_obj_flag""conftest$ac_exeext $FCFLAGS $LDFLAGS $FCFLAGS_SRCEXT conftest.$ac_ext $LIBS >&5
ifort: error #10236: File not found:  'conftest'
configure:1982: $? = 1
configure:1979: $FC $ac_link_obj_flag""conftest$ac_exeext $FCFLAGS $LDFLAGS $FCFLAGS_SRCEXT conftest.$ac_ext $LIBS >&5
configure:1982: $? = 0
configure:1997: result: -o 
configure:2003: checking for Fortran compiler default output file name
configure:2030: $FC $ac_link_obj_flag""conftest$ac_exeext $FCFLAGS $LDFLAGS $FCFLAGS_SRCEXT conftest.$ac_ext $LIBS >&5
configure:2033: $? = 0
configure:2079: result: conftest
configure:2084: checking whether the Fortran compiler works
configure:2094: ./conftest
configure:2097: $? = 0
configure:2114: result: yes
configure:2121: checking whether we are cross compiling
configure:2123: result: no
configure:2126: checking for suffix of executables
configure:2133: $FC $ac_link_obj_flag""conftest$ac_exeext $FCFLAGS $LDFLAGS $FCFLAGS_SRCEXT conftest.$ac_ext $LIBS >&5
configure:2136: $? = 0
configure:2160: result: 
configure:2166: checking for suffix of object files
configure:2182: mpiifort -c -g -O1 -I/opt/intel/compilers_and_libraries_2018.3.222/linux/mkl/include/intel64/lp64 -I/opt/intel/compilers_and_libraries_2018.3.222/linux/mkl/include  conftest.f >&5
configure:2185: $? = 0
configure:2208: result: o
configure:2216: checking whether we are using the GNU Fortran compiler
configure:2235: mpiifort -c -g -O1 -I/opt/intel/compilers_and_libraries_2018.3.222/linux/mkl/include/intel64/lp64 -I/opt/intel/compilers_and_libraries_2018.3.222/linux/mkl/include  conftest.F >&5
conftest.F(3): error #5082: Syntax error, found END-OF-STATEMENT when expecting one of: => = . [ % ( :
       choke me
---------------^
compilation aborted for conftest.F (code 1)
configure:2241: $? = 1
configure: failed program was:
|       program main
| #ifndef __GNUC__
|        choke me
| #endif
| 
|       end
configure:2258: result: no
configure:2264: checking whether mpiifort accepts -g
configure:2281: mpiifort -c -g  conftest.f >&5
configure:2287: $? = 0
configure:2303: result: yes
configure:2332: checking for Fortran flag needed to allow free-form source for .f90 suffix
configure:2359: mpiifort -c -g -O1 -I/opt/intel/compilers_and_libraries_2018.3.222/linux/mkl/include/intel64/lp64 -I/opt/intel/compilers_and_libraries_2018.3.222/linux/mkl/include  conftest.f90 >&5
configure:2365: $? = 0
configure:2384: result: none
configure:2459: checking for gcc
configure:2475: found /usr/bin/gcc
configure:2486: result: gcc
configure:2724: checking for C compiler version
configure:2731: gcc --version >&5
gcc (GCC) 4.8.5 20150623 (Red Hat 4.8.5-36)
Copyright (C) 2015 Free Software Foundation, Inc.
This is free software; see the source for copying conditions.  There is NO
warranty; not even for MERCHANTABILITY or FITNESS FOR A PARTICULAR PURPOSE.

configure:2734: $? = 0
configure:2741: gcc -v >&5
Using built-in specs.
COLLECT_GCC=gcc
COLLECT_LTO_WRAPPER=/usr/libexec/gcc/x86_64-redhat-linux/4.8.5/lto-wrapper
Target: x86_64-redhat-linux
Configured with: ../configure --prefix=/usr --mandir=/usr/share/man --infodir=/usr/share/info --with-bugurl=http://bugzilla.redhat.com/bugzilla --enable-bootstrap --enable-shared --enable-threads=posix --enable-checking=release --with-system-zlib --enable-__cxa_atexit --disable-libunwind-exceptions --enable-gnu-unique-object --enable-linker-build-id --with-linker-hash-style=gnu --enable-languages=c,c++,objc,obj-c++,java,fortran,ada,go,lto --enable-plugin --enable-initfini-array --disable-libgcj --with-isl=/builddir/build/BUILD/gcc-4.8.5-20150702/obj-x86_64-redhat-linux/isl-install --with-cloog=/builddir/build/BUILD/gcc-4.8.5-20150702/obj-x86_64-redhat-linux/cloog-install --enable-gnu-indirect-function --with-tune=generic --with-arch_32=x86-64 --build=x86_64-redhat-linux
Thread model: posix
gcc version 4.8.5 20150623 (Red Hat 4.8.5-36) (GCC) 
configure:2744: $? = 0
configure:2751: gcc -V >&5
gcc: error: unrecognized command line option '-V'
gcc: fatal error: no input files
compilation terminated.
configure:2754: $? = 4
configure:2757: checking whether we are using the GNU C compiler
configure:2786: gcc -c   conftest.c >&5
configure:2792: $? = 0
configure:2809: result: yes
configure:2814: checking whether gcc accepts -g
configure:2844: gcc -c -g  conftest.c >&5
configure:2850: $? = 0
configure:2949: result: yes
configure:2966: checking for gcc option to accept ISO C89
configure:3040: gcc  -c -g -O2  conftest.c >&5
configure:3046: $? = 0
configure:3069: result: none needed
configure:3167: checking for fixed form Fortran preprocessor features
configure:3201: mpiifort -c   -g -O1 -I/opt/intel/compilers_and_libraries_2018.3.222/linux/mkl/include/intel64/lp64 -I/opt/intel/compilers_and_libraries_2018.3.222/linux/mkl/include conftest.F >&5
configure:3207: $? = 0
configure:3321: ${FC-fc} $ac_link_obj_flag""conftest${ac_exeext} $FPPFLAGS $FPPFLAGS_SRCEXT $FCFLAGS $LDFLAGS conftest.$ac_ext $LIBS >&5
configure:3327: $? = 0
configure:3321: ${FC-fc} $ac_link_obj_flag""conftest${ac_exeext} $FPPFLAGS $FPPFLAGS_SRCEXT $FCFLAGS $LDFLAGS conftest.$ac_ext $LIBS >&5
ifort: command line warning #10157: ignoring option '-W'; argument is of wrong type
conftest.F(5): error #5082: Syntax error, found END-OF-STATEMENT when expecting one of: => = . [ % ( :
      syntax error
------------------^
compilation aborted for conftest.F (code 1)
configure:3327: $? = 1
configure: failed program was:
| 
|       program main
| 
| #ifndef OK
|       syntax error
| #endif
| 
|       end
configure:3321: ${FC-fc} $ac_link_obj_flag""conftest${ac_exeext} $FPPFLAGS $FPPFLAGS_SRCEXT $FCFLAGS $LDFLAGS conftest.$ac_ext $LIBS >&5
ifort: error #10236: File not found:  '/DOK'
conftest.F(5): error #5082: Syntax error, found END-OF-STATEMENT when expecting one of: => = . [ % ( :
      syntax error
------------------^
compilation aborted for conftest.F (code 1)
configure:3327: $? = 1
configure: failed program was:
| 
|       program main
| 
| #ifndef OK
|       syntax error
| #endif
| 
|       end
configure:3379: ${FC-fc} $ac_link_obj_flag""conftest${ac_exeext} $FPPFLAGS $FPPFLAGS_SRCEXT $FCFLAGS $LDFLAGS conftest.$ac_ext $LIBS >&5
configure:3385: $? = 0
configure:3542: ${FC-fc} $ac_link_obj_flag""conftest${ac_exeext} $FPPFLAGS $FPPFLAGS_SRCEXT $FCFLAGS $LDFLAGS conftest.$ac_ext $LIBS >&5
configure:3548: $? = 0
configure:3573: result: done.
configure:3577: checking whether mpiifort compiles programs with cpp directives
configure:3584: result: yes
configure:3590: checking whether mpiifort accepts -D
configure:3597: result: yes
configure:3602: checking whether mpiifort accepts -I
configure:3609: result: yes
configure:3642: checking whether mpiifort fulfils requested features
configure:3649: result: yes
configure:3653: checking preprocessing mode we may therefore use
configure:3659: result: direct
configure:4866: checking for Fortran flag needed to allow free-form preprocessed source for .F90 suffix
configure:4901: mpiifort -c -g -O1 -I/opt/intel/compilers_and_libraries_2018.3.222/linux/mkl/include/intel64/lp64 -I/opt/intel/compilers_and_libraries_2018.3.222/linux/mkl/include  conftest.F90 >&5
configure:4907: $? = 0
configure:4929: result: none
configure:5016: checking for ranlib
configure:5032: found /usr/bin/ranlib
configure:5043: result: ranlib
configure:5168: Could not determine type of compiler
configure:5318: checking for kind number produced by kind(1.0)
conftest.f(5): error #6684: This is an incorrect value for a kind type parameter in this context.   [KIND]
      real(kind=mysp), pointer :: y
-----------^
compilation aborted for conftest.f (code 1)
conftest.f(5): error #6684: This is an incorrect value for a kind type parameter in this context.   [KIND]
      real(kind=mysp), pointer :: y
-----------^
compilation aborted for conftest.f (code 1)
conftest.f(5): error #6684: This is an incorrect value for a kind type parameter in this context.   [KIND]
      real(kind=mysp), pointer :: y
-----------^
compilation aborted for conftest.f (code 1)
configure:5364: result: 4
configure:5375: checking for kind number produced by kind(1.0d0)
conftest.f(5): error #6684: This is an incorrect value for a kind type parameter in this context.   [KIND]
      real(kind=mysp), pointer :: y
-----------^
conftest.f(6): error #6795: The target must be of the same type and kind type parameters as the pointer.   [Y]
      y=>x
------^
compilation aborted for conftest.f (code 1)
conftest.f(5): error #6684: This is an incorrect value for a kind type parameter in this context.   [KIND]
      real(kind=mysp), pointer :: y
-----------^
conftest.f(6): error #6795: The target must be of the same type and kind type parameters as the pointer.   [Y]
      y=>x
------^
compilation aborted for conftest.f (code 1)
conftest.f(5): error #6684: This is an incorrect value for a kind type parameter in this context.   [KIND]
      real(kind=mysp), pointer :: y
-----------^
conftest.f(6): error #6795: The target must be of the same type and kind type parameters as the pointer.   [Y]
      y=>x
------^
compilation aborted for conftest.f (code 1)
conftest.f(6): error #6795: The target must be of the same type and kind type parameters as the pointer.   [Y]
      y=>x
------^
compilation aborted for conftest.f (code 1)
conftest.f(5): error #6684: This is an incorrect value for a kind type parameter in this context.   [KIND]
      real(kind=mysp), pointer :: y
-----------^
conftest.f(6): error #6795: The target must be of the same type and kind type parameters as the pointer.   [Y]
      y=>x
------^
compilation aborted for conftest.f (code 1)
conftest.f(5): error #6684: This is an incorrect value for a kind type parameter in this context.   [KIND]
      real(kind=mysp), pointer :: y
-----------^
conftest.f(6): error #6795: The target must be of the same type and kind type parameters as the pointer.   [Y]
      y=>x
------^
compilation aborted for conftest.f (code 1)
conftest.f(5): error #6684: This is an incorrect value for a kind type parameter in this context.   [KIND]
      real(kind=mysp), pointer :: y
-----------^
conftest.f(6): error #6795: The target must be of the same type and kind type parameters as the pointer.   [Y]
      y=>x
------^
compilation aborted for conftest.f (code 1)
configure:5421: result: 8
configure:5432: checking for kind number produced by selected_real_kind(6,34)
conftest.f(5): error #6684: This is an incorrect value for a kind type parameter in this context.   [KIND]
      real(kind=mysp), pointer :: y
-----------^
compilation aborted for conftest.f (code 1)
conftest.f(5): error #6684: This is an incorrect value for a kind type parameter in this context.   [KIND]
      real(kind=mysp), pointer :: y
-----------^
compilation aborted for conftest.f (code 1)
conftest.f(5): error #6684: This is an incorrect value for a kind type parameter in this context.   [KIND]
      real(kind=mysp), pointer :: y
-----------^
compilation aborted for conftest.f (code 1)
configure:5478: result: 4
configure:5489: checking for kind number produced by selected_real_kind(15,300)
conftest.f(5): error #6684: This is an incorrect value for a kind type parameter in this context.   [KIND]
      real(kind=mysp), pointer :: y
-----------^
conftest.f(6): error #6795: The target must be of the same type and kind type parameters as the pointer.   [Y]
      y=>x
------^
compilation aborted for conftest.f (code 1)
conftest.f(5): error #6684: This is an incorrect value for a kind type parameter in this context.   [KIND]
      real(kind=mysp), pointer :: y
-----------^
conftest.f(6): error #6795: The target must be of the same type and kind type parameters as the pointer.   [Y]
      y=>x
------^
compilation aborted for conftest.f (code 1)
conftest.f(5): error #6684: This is an incorrect value for a kind type parameter in this context.   [KIND]
      real(kind=mysp), pointer :: y
-----------^
conftest.f(6): error #6795: The target must be of the same type and kind type parameters as the pointer.   [Y]
      y=>x
------^
compilation aborted for conftest.f (code 1)
conftest.f(6): error #6795: The target must be of the same type and kind type parameters as the pointer.   [Y]
      y=>x
------^
compilation aborted for conftest.f (code 1)
conftest.f(5): error #6684: This is an incorrect value for a kind type parameter in this context.   [KIND]
      real(kind=mysp), pointer :: y
-----------^
conftest.f(6): error #6795: The target must be of the same type and kind type parameters as the pointer.   [Y]
      y=>x
------^
compilation aborted for conftest.f (code 1)
conftest.f(5): error #6684: This is an incorrect value for a kind type parameter in this context.   [KIND]
      real(kind=mysp), pointer :: y
-----------^
conftest.f(6): error #6795: The target must be of the same type and kind type parameters as the pointer.   [Y]
      y=>x
------^
compilation aborted for conftest.f (code 1)
conftest.f(5): error #6684: This is an incorrect value for a kind type parameter in this context.   [KIND]
      real(kind=mysp), pointer :: y
-----------^
conftest.f(6): error #6795: The target must be of the same type and kind type parameters as the pointer.   [Y]
      y=>x
------^
compilation aborted for conftest.f (code 1)
configure:5535: result: 8
configure:5561: checking how to compile a call to FLUSH
configure:5578: $FC $ac_link_obj_flag""conftest$ac_exeext $FCFLAGS $LDFLAGS $FCFLAGS_SRCEXT conftest.$ac_ext $LIBS >&5
configure:5584: $? = 0
configure:5720: result: default
configure:5732: checking how to compile a call to ABORT
configure:5749: $FC $ac_link_obj_flag""conftest$ac_exeext $FCFLAGS $LDFLAGS $FCFLAGS_SRCEXT conftest.$ac_ext $LIBS >&5
configure:5755: $? = 0
configure:5926: result: with argument
configure:5945: checking for EOR character used by mpiifort
configure:5964: $FC $ac_link_obj_flag""conftest$ac_exeext $FCFLAGS $LDFLAGS $FCFLAGS_SRCEXT conftest.$ac_ext $LIBS >&5
configure:5967: $? = 0
configure:5973: ./conftest
configure:5976: $? = 0
configure:6013: result: LF
configure:6025: checking for ASSOCIATED in restricted expression bug
configure:6047: mpiifort -c -g -O1 -I/opt/intel/compilers_and_libraries_2018.3.222/linux/mkl/include/intel64/lp64 -I/opt/intel/compilers_and_libraries_2018.3.222/linux/mkl/include   conftest.f >&5
conftest.f(4): catastrophic error: **Internal compiler error: internal abort** Please report this error along with the circumstances in which it occurred in a Software Problem Report.  Note: File and line given may not be explicit cause of this error.
compilation aborted for conftest.f (code 1)
configure:6053: $? = 1
configure: failed program was:
| 
|       function test_bug(a) result(b)
|       integer, pointer :: a
|       integer, dimension(merge(1, 2, associated(a))) :: b
|       b = 0
|       end function test_bug
| 
configure:6066: result: yes
configure:6109: checking for a BSD-compatible install
configure:6165: result: /usr/bin/install -c
configure:6176: checking for a thread-safe mkdir -p
configure:6215: result: /usr/bin/mkdir -p
configure:6237: checking for flag to alter module search path
configure:6247: mpiifort -c -g -O1 -I/opt/intel/compilers_and_libraries_2018.3.222/linux/mkl/include/intel64/lp64 -I/opt/intel/compilers_and_libraries_2018.3.222/linux/mkl/include   conftest.f >&5
configure:6253: $? = 0
configure:6275: mpiifort -c -g -O1 -I/opt/intel/compilers_and_libraries_2018.3.222/linux/mkl/include/intel64/lp64 -I/opt/intel/compilers_and_libraries_2018.3.222/linux/mkl/include  /Iconftestdir  conftest.f >&5
ifort: error #10236: File not found:  '/Iconftestdir'
conftest.f(3): error #7002: Error in opening the compiled module file.  Check INCLUDE paths.   [CONFTEST]
       use conftest
-----------^
conftest.f(5): error #6404: This name does not have a type, and must have an explicit type.   [I]
       i = 0
-------^
compilation aborted for conftest.f (code 1)
configure:6281: $? = 1
configure: failed program was:
| 
|       subroutine test
|        use conftest
|        implicit none
|        i = 0
|       end subroutine test
| 
configure:6275: mpiifort -c -g -O1 -I/opt/intel/compilers_and_libraries_2018.3.222/linux/mkl/include/intel64/lp64 -I/opt/intel/compilers_and_libraries_2018.3.222/linux/mkl/include  -Iconftestdir  conftest.f >&5
configure:6281: $? = 0
configure:6298: result: -I
configure:6318: mpiifort -c -g -O1 -I/opt/intel/compilers_and_libraries_2018.3.222/linux/mkl/include/intel64/lp64 -I/opt/intel/compilers_and_libraries_2018.3.222/linux/mkl/include   conftest.f >&5
configure:6324: $? = 0
configure:6326: checking for suffix of module files
configure:6362: result: mod
configure:6364: checking whether module filenames are uppercased
configure:6366: result: no
configure:6511: creating ./config.status

## ---------------------- ##
## Running config.status. ##
## ---------------------- ##

This file was extended by FoX config.status 4.1.0, which was
generated by GNU Autoconf 2.61.  Invocation command line was

  CONFIG_FILES    = 
  CONFIG_HEADERS  = 
  CONFIG_LINKS    = 
  CONFIG_COMMANDS = 
  $ ./config.status 

on ccms-ni

config.status:616: creating arch.make
config.status:616: creating FoX-config

## ---------------- ##
## Cache variables. ##
## ---------------- ##

ac_cv_FC_check_output_eol=LF
ac_cv_build=x86_64-unknown-linux-gnu
ac_cv_c_compiler_gnu=yes
ac_cv_env_CC_set=
ac_cv_env_CC_value=
ac_cv_env_CFLAGS_set=
ac_cv_env_CFLAGS_value=
ac_cv_env_CPPFLAGS_set=
ac_cv_env_CPPFLAGS_value=
ac_cv_env_CPP_set=
ac_cv_env_CPP_value=
ac_cv_env_FCFLAGS_set=set
ac_cv_env_FCFLAGS_value='-g -O1 -I/opt/intel/compilers_and_libraries_2018.3.222/linux/mkl/include/intel64/lp64 -I/opt/intel/compilers_and_libraries_2018.3.222/linux/mkl/include'
ac_cv_env_FC_set=set
ac_cv_env_FC_value=mpiifort
ac_cv_env_FPPFLAGS_set=
ac_cv_env_FPPFLAGS_value=
ac_cv_env_FPP_set=
ac_cv_env_FPP_value=
ac_cv_env_LDFLAGS_set=
ac_cv_env_LDFLAGS_value=
ac_cv_env_LIBS_set=
ac_cv_env_LIBS_value=
ac_cv_env_build_alias_set=
ac_cv_env_build_alias_value=
ac_cv_env_host_alias_set=
ac_cv_env_host_alias_value=
ac_cv_env_target_alias_set=
ac_cv_env_target_alias_value=
ac_cv_fc_compiler_gnu=no
ac_cv_fc_freeform_f90=none
ac_cv_fc_mod_path_flag=-I
ac_cv_fc_real_kind_dp=8
ac_cv_fc_real_kind_ieee_dp=8
ac_cv_fc_real_kind_ieee_sp=4
ac_cv_fc_real_kind_sp=4
ac_cv_fpp_build_rule=direct
ac_cv_fpp_fixedform_F=none
ac_cv_fpp_freeform_F90=none
ac_cv_host=x86_64-unknown-linux-gnu
ac_cv_objext=o
ac_cv_path_install='/usr/bin/install -c'
ac_cv_path_mkdir=/usr/bin/mkdir
ac_cv_prog_ac_ct_CC=gcc
ac_cv_prog_ac_ct_RANLIB=ranlib
ac_cv_prog_cc_c89=
ac_cv_prog_cc_g=yes
ac_cv_prog_fc_cpp=yes
ac_cv_prog_fc_cpp_d=yes
ac_cv_prog_fc_cpp_i=yes
ac_cv_prog_fc_cpp_ok=yes
ac_cv_prog_fc_g=yes

## ----------------- ##
## Output variables. ##
## ----------------- ##

BUILD_TARGETS=' wcml_lib   '
CC='gcc'
CFLAGS='-g -O2'
CPP=''
CPPFLAGS=''
CYGPATH_W='echo'
DEFS='-DPACKAGE_NAME=\"FoX\" -DPACKAGE_TARNAME=\"fox\" -DPACKAGE_VERSION=\"4.1.0\" -DPACKAGE_STRING=\"FoX\ 4.1.0\" -DPACKAGE_BUGREPORT=\"a.walker@ucl.ac.uk\"'
DP_KIND='8'
ECHO_C=''
ECHO_N='-n'
ECHO_T=''
EXEEXT=''
F90_RULE='$(FC) -c $(FFLAGS) $(INCFLAGS) $(FPPFLAGS) $(FPPFLAGS_free_F90) $< '
FC='mpiifort'
FCFLAGS='-g -O1 -I/opt/intel/compilers_and_libraries_2018.3.222/linux/mkl/include/intel64/lp64 -I/opt/intel/compilers_and_libraries_2018.3.222/linux/mkl/include '
FCFLAGS_free_f90=''
FC_MODEXT='mod'
FC_MODUPPERCASE='no'
FC_MOD_FLAG='-I'
FFLAGS=''
FFLAGS_MPI=''
FPP=''
FPPDIRECT_FALSE='#'
FPPDIRECT_TRUE=''
FPPFLAGS=' -DFC_HAVE_FLUSH -DFC_HAVE_ABORT -DFC_ABORT_ARG -DFC_EOR_LF -DRESTRICTED_ASSOCIATED_BUG'
FPPFLAGS_DEF='-D'
FPPFLAGS_fixed_F=''
FPPFLAGS_free_F90=''
FPP_COMPILE_EXT='f90'
FPP_MAKE_FLAGS='$(DEFS) $(DEFAULT_INCLUDES) $(INCLUDES) $(CPPFLAGS)'
FPP_OUTPUT=' '
FPP_PREPROCESS_EXT='F90'
INSTALL_DATA='${INSTALL} -m 644'
INSTALL_PROGRAM='${INSTALL}'
INSTALL_SCRIPT='${INSTALL}'
LDFLAGS=''
LIBEXT='a'
LIBOBJS=''
LIBS=''
LINK_O_FLAG='-o '
LTLIBOBJS=''
OBJEXT='o'
OBJSDIR='/home/igarashi/siesta-4.0/Obj/FoX/objs'
PACKAGE_BUGREPORT='a.walker@ucl.ac.uk'
PACKAGE_NAME='FoX'
PACKAGE_STRING='FoX 4.1.0'
PACKAGE_TARNAME='fox'
PACKAGE_VERSION='4.1.0'
PATH_SEPARATOR=':'
RANLIB='ranlib'
SHELL='/bin/sh'
SP_KIND='4'
VPATH='/home/igarashi/siesta-4.0/Src/FoX'
ac_ct_CC='gcc'
ac_ct_FC=''
bindir='${exec_prefix}/bin'
build='x86_64-unknown-linux-gnu'
build_alias=''
build_cpu='x86_64'
build_os='linux-gnu'
build_vendor='unknown'
datadir='${datarootdir}'
datarootdir='${prefix}/share'
docdir='${datarootdir}/doc/${PACKAGE_TARNAME}'
dvidir='${docdir}'
exec_prefix='${prefix}'
host='x86_64-unknown-linux-gnu'
host_alias=''
host_cpu='x86_64'
host_os='linux-gnu'
host_vendor='unknown'
htmldir='${docdir}'
includedir='${prefix}/include'
infodir='${datarootdir}/info'
libdir='${exec_prefix}/lib'
libexecdir='${exec_prefix}/libexec'
localedir='${datarootdir}/locale'
localstatedir='${prefix}/var'
mandir='${datarootdir}/man'
oldincludedir='/usr/include'
pdfdir='${docdir}'
prefix='/usr/local'
program_transform_name='s,x,x,'
psdir='${docdir}'
sbindir='${exec_prefix}/sbin'
sharedstatedir='${prefix}/com'
sysconfdir='${prefix}/etc'
target_alias=''

## ----------- ##
## confdefs.h. ##
## ----------- ##

#define PACKAGE_NAME "FoX"
#define PACKAGE_TARNAME "fox"
#define PACKAGE_VERSION "4.1.0"
#define PACKAGE_STRING "FoX 4.1.0"
#define PACKAGE_BUGREPORT "a.walker@ucl.ac.uk"

configure: exit 0
